*** Using Compiler 'V5.06 update 6 (build 750)', folder: 'C:\Progarm\MDK\Core\ARM\ARMCC\Bin'
Rebuild target 'test1'
assembling startup_stm32f103xb.s...
compiling main.c...
compiling gpio.c...
compiling dma.c...
compiling stm32f1xx_it.c...
compiling tim.c...
compiling stm32f1xx_hal_msp.c...
compiling usart.c...
compiling stm32f1xx_hal.c...
compiling stm32f1xx_hal_gpio_ex.c...
compiling stm32f1xx_hal_rcc_ex.c...
compiling stm32f1xx_hal_gpio.c...
compiling stm32f1xx_hal_rcc.c...
compiling stm32f1xx_hal_tim_ex.c...
compiling stm32f1xx_hal_tim.c...
compiling stm32f1xx_hal_dma.c...
compiling stm32f1xx_hal_cortex.c...
compiling stm32f1xx_hal_pwr.c...
compiling stm32f1xx_hal_flash.c...
compiling stm32f1xx_hal_flash_ex.c...
compiling stm32f1xx_hal_exti.c...
compiling FILE_SYS.c...
compiling stm32f1xx_hal_uart.c...
compiling system_stm32f1xx.c...
compiling menu.c...
..\Hardware\menu.c(1595): warning:  #223-D: function "CH376DiskConnect" declared implicitly
                                  CH376DiskConnect();
..\Hardware\menu.c(1600): warning:  #223-D: function "CH376DiskMount" declared implicitly
                                      if(CH376DiskMount()==USB_INT_SUCCESS) {
..\Hardware\menu.c(1775): warning:  #223-D: function "auto_apply_calibration" declared implicitly
                                  auto_apply_calibration();
..\Hardware\menu.c(2158): warning:  #223-D: function "auto_apply_calibration" declared implicitly
                      auto_apply_calibration();
..\Hardware\menu.c(2347): error:  #159: declaration is incompatible with previous "auto_apply_calibration"  (declared at line 1775)
  void auto_apply_calibration(void) {
..\Hardware\menu.c: 4 warnings, 1 error
compiling encoder.c...
compiling key.c...
compiling delay.c...
compiling ch376.c...
..\Hardware\ch376.c(102): warning:  #111-D: statement is unreachable
  	return s;
..\Hardware\ch376.c(84): warning:  #177-D: variable "i"  was declared but never referenced
  	uint8_t s,i=0;
..\Hardware\ch376.c(323): warning:  #177-D: variable "result"  was declared but never referenced
      uint8_t result;
..\Hardware\ch376.c: 3 warnings, 0 errors
compiling function.c...
"test1\test1.axf" - 1 Error(s), 7 Warning(s).
Target not created.
Build Time Elapsed:  00:00:11
